# IFE System Log — Simulated test session
# Aircraft: B777-300ER  Tail: N772AX  Flight: AA2041  Route: LAX-JFK
# Test framework: IFE-SIM v4.2.1  DO-178C DAL-C
# Session start: 2026-03-31T06:00:00Z
INFO  2026-03-31T06:00:01Z [SYSTEM   ] ife_controller startup complete version=4.2.1 seat_count=312
INFO  2026-03-31T06:00:02Z [NETWORK  ] arinc429_bus_init ok bus=A bus=B channel=1 channel=2
INFO  2026-03-31T06:00:03Z [CONTENT  ] content_server connected host=ife-media.aa.internal port=8443
INFO  2026-03-31T06:00:04Z [DISPLAY  ] seat_display_init ok zone=A seats=1-78 status=ready
INFO  2026-03-31T06:00:05Z [DISPLAY  ] seat_display_init ok zone=B seats=79-198 status=ready
INFO  2026-03-31T06:00:06Z [DISPLAY  ] seat_display_init ok zone=C seats=199-312 status=ready
INFO  2026-03-31T06:00:07Z [AUDIO    ] audio_subsystem init ok sample_rate=48000 channels=stereo
INFO  2026-03-31T06:00:08Z [HEALTH   ] self_test pass cpu=12% mem=34% storage=61%
INFO  2026-03-31T06:00:10Z [NETWORK  ] passenger_wifi_init ok ssid=AA-Inflight band=5GHz clients=0
INFO  2026-03-31T06:00:15Z [CONTENT  ] content_index loaded titles=847 languages=14 size_gb=312
INFO  2026-03-31T06:00:20Z [DISPLAY  ] seat 14A display heartbeat ok latency=3ms
INFO  2026-03-31T06:00:20Z [DISPLAY  ] seat 22C display heartbeat ok latency=2ms
INFO  2026-03-31T06:00:20Z [DISPLAY  ] seat 31B display heartbeat ok latency=4ms
INFO  2026-03-31T06:00:25Z [AUDIO    ] seat 8A headphone jack connected impedance=32ohm
INFO  2026-03-31T06:00:30Z [CONTENT  ] video stream started seat=14A title_id=MOV-2041 codec=H264
INFO  2026-03-31T06:00:31Z [CONTENT  ] video stream started seat=22C title_id=MOV-0892 codec=H264
INFO  2026-03-31T06:00:35Z [NETWORK  ] arinc429 frame ok bus=A label=270 data=0x0A12 latency=1ms
INFO  2026-03-31T06:00:40Z [HEALTH   ] watchdog tick ok uptime=39s all_services=nominal
INFO  2026-03-31T06:01:00Z [CONTENT  ] video stream started seat=31B title_id=MOV-1103 codec=H265
INFO  2026-03-31T06:01:05Z [DISPLAY  ] seat 45D display heartbeat ok latency=3ms
INFO  2026-03-31T06:01:10Z [NETWORK  ] wifi clients=47 throughput=24Mbps signal=good
INFO  2026-03-31T06:01:15Z [AUDIO    ] seat 14A volume adjusted level=7 source=passenger
INFO  2026-03-31T06:01:20Z [CONTENT  ] subtitle track loaded seat=22C language=es title_id=MOV-0892
INFO  2026-03-31T06:01:30Z [HEALTH   ] self_test pass cpu=28% mem=41% storage=61%
ERROR 2026-03-31T06:01:45Z [DISPLAY  ] seat 67C display reset timeout seat=67C retry=1 error=no_heartbeat
INFO  2026-03-31T06:01:46Z [DISPLAY  ] seat 67C display reboot initiated via ARINC429 label=041
INFO  2026-03-31T06:01:52Z [DISPLAY  ] seat 67C display recovery ok latency=8ms
INFO  2026-03-31T06:02:00Z [NETWORK  ] arinc429 frame ok bus=B label=270 data=0x0B44 latency=1ms
INFO  2026-03-31T06:02:05Z [CONTENT  ] video stream started seat=67C title_id=MOV-2041 codec=H264
ERROR 2026-03-31T06:02:30Z [NETWORK  ] arinc429_bus_fault bus=A channel=2 error=parity_error frame=0xFFFF
WARN  2026-03-31T06:02:31Z [NETWORK  ] arinc429 failover bus=A switching to bus=B channel=2
INFO  2026-03-31T06:02:32Z [NETWORK  ] arinc429 failover complete active_bus=B latency=12ms
CRITICAL 2026-03-31T06:03:00Z [DECODER  ] video_decoder crash seat=112B signal=SIGSEGV codec=H264 frame=48291 input=corrupted
ERROR 2026-03-31T06:03:01Z [DECODER  ] null pointer exception in VideoDecoder traceback follows codec=H264
ERROR 2026-03-31T06:03:02Z [CONTENT  ] stream aborted seat=112B title_id=MOV-3301 reason=decoder_fault
INFO  2026-03-31T06:03:05Z [DECODER  ] video_decoder restart initiated seat=112B attempt=1
INFO  2026-03-31T06:03:08Z [DECODER  ] video_decoder recovery ok seat=112B latency=3100ms
INFO  2026-03-31T06:03:10Z [CONTENT  ] video stream resumed seat=112B title_id=MOV-3301 codec=H264
INFO  2026-03-31T06:03:15Z [HEALTH   ] watchdog tick ok uptime=194s all_services=nominal
INFO  2026-03-31T06:03:20Z [NETWORK  ] wifi clients=134 throughput=38Mbps signal=good
INFO  2026-03-31T06:03:30Z [AUDIO    ] seat 88A headphone jack connected impedance=32ohm
ERROR 2026-03-31T06:04:00Z [CONTENT  ] content_server timeout host=ife-media.aa.internal port=8443 elapsed=30s retry=1
ERROR 2026-03-31T06:04:01Z [CONTENT  ] content_server timeout host=ife-media.aa.internal port=8443 elapsed=30s retry=2
CRITICAL 2026-03-31T06:04:02Z [CONTENT  ] content_server unreachable host=ife-media.aa.internal all_retries_exhausted streams_affected=47
WARN  2026-03-31T06:04:03Z [CONTENT  ] cache_fallback activated serving from local_storage avail_gb=28
INFO  2026-03-31T06:04:10Z [CONTENT  ] cache_fallback streams restored seats_affected=47 latency=7200ms
INFO  2026-03-31T06:04:15Z [HEALTH   ] self_test pass cpu=44% mem=58% storage=61%
ERROR 2026-03-31T06:05:00Z [PASSENGER] passenger_call_fault zone=B seat=144A error=button_stuck duration=30s
WARN  2026-03-31T06:05:01Z [PASSENGER] flight_attendant_alert sent zone=B seat=144A type=maintenance
INFO  2026-03-31T06:05:10Z [NETWORK  ] arinc429 frame ok bus=B label=041 data=0x0C33 latency=2ms
INFO  2026-03-31T06:05:20Z [DISPLAY  ] seat 200A display heartbeat ok latency=3ms
INFO  2026-03-31T06:05:30Z [HEALTH   ] watchdog tick ok uptime=329s all_services=nominal
WARN  2026-03-31T06:06:00Z [SYSTEM   ] memory_pressure heap_used=87% gc_pressure=high process=content_manager
ERROR 2026-03-31T06:06:01Z [SYSTEM   ] memory_overflow heap_used=98% gc_pressure=critical oom_risk=high
INFO  2026-03-31T06:06:02Z [SYSTEM   ] gc_forced freed_mb=312 heap_used=61% gc_pressure=normal
INFO  2026-03-31T06:06:10Z [CONTENT  ] content_server reconnected host=ife-media.aa.internal latency=220ms
INFO  2026-03-31T06:06:15Z [CONTENT  ] cache_fallback deactivated resuming primary streams=47
INFO  2026-03-31T06:06:20Z [HEALTH   ] self_test pass cpu=31% mem=43% storage=61%
INFO  2026-03-31T06:06:30Z [NETWORK  ] wifi clients=201 throughput=52Mbps signal=good
INFO  2026-03-31T06:07:00Z [DISPLAY  ] zone_A heartbeat ok seats=78 failures=0
INFO  2026-03-31T06:07:00Z [DISPLAY  ] zone_B heartbeat ok seats=120 failures=0
INFO  2026-03-31T06:07:00Z [DISPLAY  ] zone_C heartbeat ok seats=114 failures=0
INFO  2026-03-31T06:07:10Z [AUDIO    ] seat 14A headphone jack disconnected
INFO  2026-03-31T06:07:15Z [CONTENT  ] video stream ended seat=14A title_id=MOV-2041 watched_pct=94
INFO  2026-03-31T06:07:20Z [HEALTH   ] watchdog tick ok uptime=439s all_services=nominal
INFO  2026-03-31T06:07:30Z [SYSTEM   ] ife_controller status=nominal active_streams=201 wifi_clients=201